<?xml version="1.0" encoding="UTF-8"?>
<!-- Generated by org.testng.reporters.JUnitXMLReporter -->
<testsuite hostname="Lenovo" ignored="0" name="Test" tests="8" failures="1" timestamp="15 Jul 2022 03:47:57 GMT" time="0.149" errors="0">
  <testcase name="testC1" time="0.028" classname="org.samples.C"/>
  <testcase name="testC2" time="0.006" classname="org.samples.C">
    <skipped/>
  </testcase> <!-- testC2 -->
  <testcase name="testC2" time="0.002" classname="org.samples.C">
    <skipped/>
  </testcase> <!-- testC2 -->
  <testcase name="testC2" time="0.002" classname="org.samples.C">
    <skipped/>
  </testcase> <!-- testC2 -->
  <testcase name="testC2" time="0.002" classname="org.samples.C">
    <skipped/>
  </testcase> <!-- testC2 -->
  <testcase name="testC2" time="0.002" classname="org.samples.C">
    <skipped/>
  </testcase> <!-- testC2 -->
  <testcase name="testC2" time="0.004" classname="org.samples.C">
    <failure type="java.lang.AssertionError" message="expected [true] but found [false]">
      <![CDATA[java.lang.AssertionError: expected [true] but found [false]
at org.samples.C.testC2(C.java:16)
... Removed 29 stack frames]]>
    </failure>
  </testcase> <!-- testC2 -->
  <testcase name="testC3" time="0.004" classname="org.samples.C"/>
</testsuite> <!-- Test -->
