<?xml version="1.0" encoding="UTF-8"?>
<testng-results skipped="0" failed="0" ignored="0" total="1" passed="1">
  <reporter-output>
  </reporter-output>
  <suite name="Default suite" duration-ms="72819" started-at="2022-07-28T04:16:06Z" finished-at="2022-07-28T04:17:19Z">
    <groups>
    </groups>
    <test name="Default test" duration-ms="72819" started-at="2022-07-28T04:16:06Z" finished-at="2022-07-28T04:17:19Z">
      <class name="org.test.git.GitProgram">
        <test-method status="PASS" signature="beforeClass()[pri:0, instance:org.test.git.GitProgram@5442a311]" name="beforeClass" is-config="true" duration-ms="52440" started-at="2022-07-28T04:16:06Z" finished-at="2022-07-28T04:16:59Z">
          <reporter-output>
          </reporter-output>
        </test-method> <!-- beforeClass -->
        <test-method status="PASS" signature="test1()[pri:0, instance:org.test.git.GitProgram@5442a311]" name="test1" duration-ms="18279" started-at="2022-07-28T04:16:59Z" finished-at="2022-07-28T04:17:17Z">
          <reporter-output>
          </reporter-output>
        </test-method> <!-- test1 -->
        <test-method status="PASS" signature="afterClass()[pri:0, instance:org.test.git.GitProgram@5442a311]" name="afterClass" is-config="true" duration-ms="1932" started-at="2022-07-28T04:17:17Z" finished-at="2022-07-28T04:17:19Z">
          <reporter-output>
          </reporter-output>
        </test-method> <!-- afterClass -->
      </class> <!-- org.test.git.GitProgram -->
    </test> <!-- Default test -->
  </suite> <!-- Default suite -->
</testng-results>
